[00:22:17] [main/DEBUG] (LaunchWrapper) Mixin bootstrap service org.spongepowered.asm.service.mojang.MixinServiceLaunchWrapperBootstrap is not available: LaunchWrapper is not available
[00:22:17] [main/DEBUG] (LaunchWrapper) Mixin bootstrap service org.spongepowered.asm.service.modlauncher.MixinServiceModLauncherBootstrap is not available: ModLauncher is not available
[00:22:17] [main/INFO] (LaunchWrapper) SpongePowered MIXIN Subsystem Version=0.8.7 Source=file:/home/nicholas/.gradle/caches/modules-2/files-2.1/com.github.PuzzlesHQ/PuzzleLoader/2.3.3/52fb717a1e414575983aa59e0619dcad90182619/PuzzleLoader-2.3.3-client.jar Service=LaunchWrapper Env=CLIENT
[00:22:17] [main/DEBUG] (LaunchWrapper) Adding new mixin transformer proxy #1
[00:22:17] [main/DEBUG] (LaunchWrapper) Initialising Mixin Platform Manager
[00:22:17] [main/DEBUG] (LaunchWrapper) Adding mixin platform agents for container ContainerHandleURI(file:/home/nicholas/.gradle/caches/modules-2/files-2.1/com.github.PuzzlesHQ/PuzzleLoader/2.3.3/52fb717a1e414575983aa59e0619dcad90182619/PuzzleLoader-2.3.3-client.jar)
[00:22:17] [main/DEBUG] (LaunchWrapper) Instancing new MixinPlatformAgentDefault for ContainerHandleURI(file:/home/nicholas/.gradle/caches/modules-2/files-2.1/com.github.PuzzlesHQ/PuzzleLoader/2.3.3/52fb717a1e414575983aa59e0619dcad90182619/PuzzleLoader-2.3.3-client.jar)
[00:22:17] [main/DEBUG] (LaunchWrapper) MixinPlatformAgentDefault accepted container ContainerHandleURI(file:/home/nicholas/.gradle/caches/modules-2/files-2.1/com.github.PuzzlesHQ/PuzzleLoader/2.3.3/52fb717a1e414575983aa59e0619dcad90182619/PuzzleLoader-2.3.3-client.jar)
[00:22:17] [main/DEBUG] (PuzzleLoader | MixinService) Scanning file:/home/nicholas/Documents/coding/CosmicMods/CosmicTooltips/build/resources/client/ for mixin tweaker
[00:22:17] [main/DEBUG] (PuzzleLoader | MixinService) Scanning file:/home/nicholas/Documents/coding/CosmicMods/CosmicTooltips/.gradle/jigsaw-cache/cosmicMaven/finalforeach/cosmicreach-processed-server-1f39453431/0.3.26/cosmicreach-processed-server-1f39453431-0.3.26-processed-server-1f39453431.jar for mixin tweaker
[00:22:17] [main/DEBUG] (PuzzleLoader | MixinService) Scanning file:/home/nicholas/.gradle/caches/modules-2/files-2.1/org.apache.logging.log4j/log4j-core/2.8.1/4ac28ff2f1ddf05dae3043a190451e8c46b73c31/log4j-core-2.8.1.jar for mixin tweaker
[00:22:17] [main/DEBUG] (PuzzleLoader | MixinService) Scanning file:/home/nicholas/.gradle/caches/modules-2/files-2.1/net.minecrell/terminalconsoleappender/1.3.0/b562e9bb61235c9520e26282cdee71f8f802d1fc/terminalconsoleappender-1.3.0.jar for mixin tweaker
[00:22:17] [main/DEBUG] (PuzzleLoader | MixinService) Scanning file:/home/nicholas/.gradle/caches/modules-2/files-2.1/org.jline/jline-terminal/3.20.0/d0ddcc708ddf527a3454c941b7b9225cc83a15ff/jline-terminal-3.20.0.jar for mixin tweaker
[00:22:17] [main/DEBUG] (PuzzleLoader | MixinService) Scanning file:/home/nicholas/.gradle/caches/modules-2/files-2.1/org.apache.logging.log4j/log4j-api/2.8.1/e801d13612e22cad62a3f4f3fe7fdbe6334a8e72/log4j-api-2.8.1.jar for mixin tweaker
[00:22:17] [main/DEBUG] (PuzzleLoader | MixinService) Scanning file:/home/nicholas/.gradle/caches/modules-2/files-2.1/com.github.PuzzlesHQ/PuzzleLoader/2.3.3/52fb717a1e414575983aa59e0619dcad90182619/PuzzleLoader-2.3.3-client.jar for mixin tweaker
[00:22:17] [main/DEBUG] (PuzzleLoader | MixinService) Scanning file:/home/nicholas/Documents/coding/CosmicMods/CosmicTooltips/.gradle/jigsaw-cache/cosmicMaven/finalforeach/cosmicreach-processed-client-1f39453431/0.3.26/cosmicreach-processed-client-1f39453431-0.3.26-processed-client-1f39453431.jar for mixin tweaker
[00:22:17] [main/DEBUG] (PuzzleLoader | MixinService) Scanning file:/home/nicholas/.gradle/caches/modules-2/files-2.1/com.github.PuzzlesHQ/access_manipulators/1.0.1/598b69eda06af0362dad29d6a1d9b2359319f0f6/access_manipulators-1.0.1.jar for mixin tweaker
[00:22:17] [main/DEBUG] (PuzzleLoader | MixinService) Scanning file:/home/nicholas/Documents/coding/CosmicMods/CosmicTooltips/build/classes/java/client/ for mixin tweaker
[00:22:17] [main/DEBUG] (PuzzleLoader | MixinService) Scanning file:/home/nicholas/.gradle/caches/modules-2/files-2.1/org.jline/jline-reader/3.20.0/8f15415b022a25b473e8e16c28ae913186ffb9c4/jline-reader-3.20.0.jar for mixin tweaker
[00:22:17] [main/DEBUG] (PuzzleLoader | MixinService) Scanning file:/home/nicholas/Documents/coding/CosmicMods/CosmicTooltips/build/classes/java/main for mixin tweaker
[00:22:17] [main/DEBUG] (PuzzleLoader | MixinService) Scanning file:/home/nicholas/Documents/coding/CosmicMods/CosmicTooltips/build/resources/main/ for mixin tweaker
[00:22:17] [main/DEBUG] (PuzzleLoader | MixinService) Scanning file:/home/nicholas/.gradle/caches/modules-2/files-2.1/net.fabricmc/dev-launch-injector/0.2.1+build.8/da8bef7e6e2f952da707f282bdb46882a0fce5e3/dev-launch-injector-0.2.1+build.8.jar for mixin tweaker
[00:22:17] [main/INFO] (Puzzle | ModLocator) Discovered CosmicTooltipsMod "DevMod" with ID "cosmic_tooltips"
[00:22:17] [main/DEBUG] (LaunchWrapper) Processing prepare() for PlatformAgent[MixinPlatformAgentDefault:ContainerHandleURI(file:/home/nicholas/.gradle/caches/modules-2/files-2.1/com.github.PuzzlesHQ/PuzzleLoader/2.3.3/52fb717a1e414575983aa59e0619dcad90182619/PuzzleLoader-2.3.3-client.jar)]
[00:22:17] [main/WARN] (Puzzle | ModLocator) Warning! Only partial semantic versioning support
[00:22:17] [main/INFO] (Puzzle | ModLocator) Mod deps for puzzle-loader
[00:22:17] [main/INFO] (Puzzle | ModLocator) 	cosmic-reach: (0.3.26,true)
[00:22:17] [main/INFO] (Puzzle | ModLocator) Mod deps for cosmic_tooltips
[00:22:17] [main/INFO] (Puzzle | ModLocator) 	puzzle-loader: (>=2.2.7,true)
[00:22:17] [main/INFO] (Puzzle | ModLocator) 	cosmic-reach: (>=0.3.21,true)
[00:22:17] [main/DEBUG] (LaunchWrapper) Processing launch tasks for PlatformAgent[MixinPlatformAgentDefault:ContainerHandleURI(file:/home/nicholas/.gradle/caches/modules-2/files-2.1/com.github.PuzzlesHQ/PuzzleLoader/2.3.3/52fb717a1e414575983aa59e0619dcad90182619/PuzzleLoader-2.3.3-client.jar)]
[00:22:17] [main/DEBUG] (PuzzleLoader | MixinService) Scanning file:/home/nicholas/Documents/coding/CosmicMods/CosmicTooltips/build/resources/client/ for mixin tweaker
[00:22:17] [main/DEBUG] (PuzzleLoader | MixinService) Scanning file:/home/nicholas/Documents/coding/CosmicMods/CosmicTooltips/.gradle/jigsaw-cache/cosmicMaven/finalforeach/cosmicreach-processed-server-1f39453431/0.3.26/cosmicreach-processed-server-1f39453431-0.3.26-processed-server-1f39453431.jar for mixin tweaker
[00:22:17] [main/DEBUG] (PuzzleLoader | MixinService) Scanning file:/home/nicholas/.gradle/caches/modules-2/files-2.1/org.apache.logging.log4j/log4j-core/2.8.1/4ac28ff2f1ddf05dae3043a190451e8c46b73c31/log4j-core-2.8.1.jar for mixin tweaker
[00:22:17] [main/DEBUG] (PuzzleLoader | MixinService) Scanning file:/home/nicholas/.gradle/caches/modules-2/files-2.1/net.minecrell/terminalconsoleappender/1.3.0/b562e9bb61235c9520e26282cdee71f8f802d1fc/terminalconsoleappender-1.3.0.jar for mixin tweaker
[00:22:17] [main/DEBUG] (PuzzleLoader | MixinService) Scanning file:/home/nicholas/.gradle/caches/modules-2/files-2.1/org.jline/jline-terminal/3.20.0/d0ddcc708ddf527a3454c941b7b9225cc83a15ff/jline-terminal-3.20.0.jar for mixin tweaker
[00:22:17] [main/DEBUG] (PuzzleLoader | MixinService) Scanning file:/home/nicholas/.gradle/caches/modules-2/files-2.1/org.apache.logging.log4j/log4j-api/2.8.1/e801d13612e22cad62a3f4f3fe7fdbe6334a8e72/log4j-api-2.8.1.jar for mixin tweaker
[00:22:17] [main/DEBUG] (PuzzleLoader | MixinService) Scanning file:/home/nicholas/.gradle/caches/modules-2/files-2.1/com.github.PuzzlesHQ/PuzzleLoader/2.3.3/52fb717a1e414575983aa59e0619dcad90182619/PuzzleLoader-2.3.3-client.jar for mixin tweaker
[00:22:17] [main/DEBUG] (PuzzleLoader | MixinService) Scanning file:/home/nicholas/Documents/coding/CosmicMods/CosmicTooltips/.gradle/jigsaw-cache/cosmicMaven/finalforeach/cosmicreach-processed-client-1f39453431/0.3.26/cosmicreach-processed-client-1f39453431-0.3.26-processed-client-1f39453431.jar for mixin tweaker
[00:22:17] [main/DEBUG] (PuzzleLoader | MixinService) Scanning file:/home/nicholas/.gradle/caches/modules-2/files-2.1/com.github.PuzzlesHQ/access_manipulators/1.0.1/598b69eda06af0362dad29d6a1d9b2359319f0f6/access_manipulators-1.0.1.jar for mixin tweaker
[00:22:17] [main/DEBUG] (PuzzleLoader | MixinService) Scanning file:/home/nicholas/Documents/coding/CosmicMods/CosmicTooltips/build/classes/java/client/ for mixin tweaker
[00:22:17] [main/DEBUG] (PuzzleLoader | MixinService) Scanning file:/home/nicholas/.gradle/caches/modules-2/files-2.1/org.jline/jline-reader/3.20.0/8f15415b022a25b473e8e16c28ae913186ffb9c4/jline-reader-3.20.0.jar for mixin tweaker
[00:22:17] [main/DEBUG] (PuzzleLoader | MixinService) Scanning file:/home/nicholas/Documents/coding/CosmicMods/CosmicTooltips/build/classes/java/main for mixin tweaker
[00:22:17] [main/DEBUG] (PuzzleLoader | MixinService) Scanning file:/home/nicholas/Documents/coding/CosmicMods/CosmicTooltips/build/resources/main/ for mixin tweaker
[00:22:17] [main/DEBUG] (PuzzleLoader | MixinService) Scanning file:/home/nicholas/.gradle/caches/modules-2/files-2.1/net.fabricmc/dev-launch-injector/0.2.1+build.8/da8bef7e6e2f952da707f282bdb46882a0fce5e3/dev-launch-injector-0.2.1+build.8.jar for mixin tweaker
[00:22:17] [main/DEBUG] (LaunchWrapper) inject() running with 1 agents
[00:22:17] [main/DEBUG] (LaunchWrapper) Processing inject() for PlatformAgent[MixinPlatformAgentDefault:ContainerHandleURI(file:/home/nicholas/.gradle/caches/modules-2/files-2.1/com.github.PuzzlesHQ/PuzzleLoader/2.3.3/52fb717a1e414575983aa59e0619dcad90182619/PuzzleLoader-2.3.3-client.jar)]
[00:22:17] [main/DEBUG] (LaunchWrapper) Adding new mixin transformer proxy #2
[00:22:17] [main/DEBUG] (LaunchWrapper) Preparing mixins for MixinEnvironment[DEFAULT]
[00:22:17] [main/DEBUG] (LaunchWrapper) Selecting config mixins/client/accessors.client.mixins.json
[00:22:17] [main/DEBUG] (LaunchWrapper) Selecting config mixins/client/internal.client.mixins.json
[00:22:17] [main/DEBUG] (LaunchWrapper) Selecting config mixins/client/logging.client.mixins.json
[00:22:17] [main/DEBUG] (LaunchWrapper) Selecting config mixins/common/logging.common.mixins.json
[00:22:17] [main/DEBUG] (LaunchWrapper) Selecting config mixins/common/fixes.common.mixins.json
[00:22:17] [main/DEBUG] (LaunchWrapper) Selecting config mixins/common/internal.common.mixins.json
[00:22:17] [main/DEBUG] (LaunchWrapper) com.llamalad7.mixinextras.service.MixinExtrasServiceImpl(version=0.4.1) is taking over from null
[00:22:17] [main/DEBUG] (LaunchWrapper) Registering new injector for @Inject with org.spongepowered.asm.mixin.injection.struct.CallbackInjectionInfo
[00:22:17] [main/DEBUG] (LaunchWrapper) Registering new injector for @ModifyArg with org.spongepowered.asm.mixin.injection.struct.ModifyArgInjectionInfo
[00:22:17] [main/DEBUG] (LaunchWrapper) Registering new injector for @ModifyArgs with org.spongepowered.asm.mixin.injection.struct.ModifyArgsInjectionInfo
[00:22:17] [main/DEBUG] (LaunchWrapper) Registering new injector for @Redirect with org.spongepowered.asm.mixin.injection.struct.RedirectInjectionInfo
[00:22:17] [main/DEBUG] (LaunchWrapper) Registering new injector for @ModifyVariable with org.spongepowered.asm.mixin.injection.struct.ModifyVariableInjectionInfo
[00:22:17] [main/DEBUG] (LaunchWrapper) Registering new injector for @ModifyConstant with org.spongepowered.asm.mixin.injection.struct.ModifyConstantInjectionInfo
[00:22:17] [main/DEBUG] (LaunchWrapper) Selecting config cosmictooltips.client.mixins.json
[00:22:17] [main/DEBUG] (LaunchWrapper) Preparing mixins/client/accessors.client.mixins.json (2)
[00:22:17] [main/DEBUG] (PuzzleLoader | MixinService) Rebuilding transformer delegation list:
[00:22:17] [main/DEBUG] (PuzzleLoader | MixinService)   Excluding: org.spongepowered.asm.mixin.transformer.Proxy
[00:22:17] [main/DEBUG] (PuzzleLoader | MixinService)   Adding:    com.github.puzzle.core.loader.transformers.AccessManipulatorTransformer
[00:22:17] [main/DEBUG] (PuzzleLoader | MixinService)   Excluding: org.spongepowered.asm.mixin.transformer.Proxy
[00:22:17] [main/DEBUG] (PuzzleLoader | MixinService) Transformer delegation list created with 1 entries
[00:22:17] [main/DEBUG] (LaunchWrapper) Preparing mixins/client/internal.client.mixins.json (25)
[00:22:17] [main/DEBUG] (LaunchWrapper) Preparing mixins/client/logging.client.mixins.json (4)
[00:22:17] [main/DEBUG] (LaunchWrapper) Preparing mixins/common/logging.common.mixins.json (5)
[00:22:17] [main/DEBUG] (LaunchWrapper) Preparing mixins/common/fixes.common.mixins.json (6)
[00:22:17] [main/DEBUG] (LaunchWrapper) Preparing mixins/common/internal.common.mixins.json (14)
[00:22:17] [main/DEBUG] (LaunchWrapper) Preparing cosmictooltips.client.mixins.json (4)
[00:22:17] [main/DEBUG] (LaunchWrapper) Inner class com/github/puzzle/game/mixins/client/blockevents/ClientBlockEventsMixin$3 in com/github/puzzle/game/mixins/client/blockevents/ClientBlockEventsMixin on finalforeach/cosmicreach/ClientBlockEvents gets unique name finalforeach/cosmicreach/ClientBlockEvents$Anonymous$518fd09397da4bb59ec1def2c3d93bb6
[00:22:17] [main/DEBUG] (LaunchWrapper) Inner class com/github/puzzle/game/mixins/client/blockevents/ClientBlockEventsMixin$2 in com/github/puzzle/game/mixins/client/blockevents/ClientBlockEventsMixin on finalforeach/cosmicreach/ClientBlockEvents gets unique name finalforeach/cosmicreach/ClientBlockEvents$Anonymous$6deacfc4bcbb4422bfe14a4c37214936
[00:22:17] [main/DEBUG] (LaunchWrapper) Inner class com/github/puzzle/game/mixins/client/blockevents/ClientBlockEventsMixin$1 in com/github/puzzle/game/mixins/client/blockevents/ClientBlockEventsMixin on finalforeach/cosmicreach/ClientBlockEvents gets unique name finalforeach/cosmicreach/ClientBlockEvents$Anonymous$3a5d38387ddd42b68916055ec94dde4f
[00:22:17] [main/DEBUG] (LaunchWrapper) Inner class com/github/puzzle/game/mixins/client/ui/MainMenuMixin$1 in com/github/puzzle/game/mixins/client/ui/MainMenuMixin on finalforeach/cosmicreach/gamestates/MainMenu gets unique name finalforeach/cosmicreach/gamestates/MainMenu$Anonymous$43c0439fef0d4a429fc5936d484f1a29
[00:22:17] [main/DEBUG] (LaunchWrapper) Inner class me/nabdev/cosmictooltips/mixins/HotbarMixin$1 in me/nabdev/cosmictooltips/mixins/HotbarMixin on finalforeach/cosmicreach/items/Hotbar gets unique name finalforeach/cosmicreach/items/Hotbar$Anonymous$3af4708b1ce944c4b1a3f73bf2c2c918
[00:22:17] [main/DEBUG] (LaunchWrapper) Prepared 60 mixins in 0.252 sec (4.2ms avg) (26ms load, 30ms transform, 0ms plugin)
[00:22:17] [main/INFO] (LaunchWrapper) Initializing MixinExtras via com.llamalad7.mixinextras.service.MixinExtrasServiceImpl(version=0.4.1).
[00:22:17] [main/DEBUG] (LaunchWrapper) Registering new injector for @SugarWrapper with com.llamalad7.mixinextras.sugar.impl.SugarWrapperInjectionInfo
[00:22:17] [main/DEBUG] (LaunchWrapper) Registering new injector for @FactoryRedirectWrapper with com.llamalad7.mixinextras.wrapper.factory.FactoryRedirectWrapperInjectionInfo
[00:22:17] [main/DEBUG] (LaunchWrapper) Mixing entrypoint.PreGameLaunchInit from mixins/client/internal.client.mixins.json into finalforeach.cosmicreach.lwjgl3.Lwjgl3Launcher
[00:22:17] [main/DEBUG] (LaunchWrapper) Mixing window.IconMixin from mixins/client/internal.client.mixins.json into finalforeach.cosmicreach.lwjgl3.Lwjgl3Launcher
[00:22:17] [main/DEBUG] (LaunchWrapper) Mixing Lwjgl3LauncherMixin from mixins/client/logging.client.mixins.json into finalforeach.cosmicreach.lwjgl3.Lwjgl3Launcher
[00:22:17] [main/DEBUG] (LaunchWrapper) mixins/client/internal.client.mixins.json:entrypoint.PreGameLaunchInit from mod (unknown)->@Inject::loadPreLaunch([Ljava/lang/String;Lorg/spongepowered/asm/mixin/injection/callback/CallbackInfo;)V doesn't use it's CallbackInfo
[00:22:17] [main/DEBUG] (LaunchWrapper) mixins/client/logging.client.mixins.json:Lwjgl3LauncherMixin from mod (unknown)->@Inject::accountInfoPrint(Lorg/spongepowered/asm/mixin/injection/callback/CallbackInfo;Ljava/lang/String;Lfinalforeach/cosmicreach/accounts/Account;)V does use it's CallbackInfo
[00:22:17] [main/DEBUG] (LaunchWrapper) Mixing account.AccountUtilMixin from mixins/common/internal.common.mixins.json into finalforeach.cosmicreach.accounts.Account
[00:22:17] [main/DEBUG] (LaunchWrapper) Mixing networking.ConnectingScreenMixin from mixins/client/internal.client.mixins.json into finalforeach.cosmicreach.accounts.AccountItch
[00:22:17] [main/DEBUG] (LaunchWrapper) mixins/client/internal.client.mixins.json:networking.ConnectingScreenMixin from mod (unknown)->@Inject::connectToServer(Lorg/spongepowered/asm/mixin/injection/callback/CallbackInfo;)V doesn't use it's CallbackInfo
[00:22:17] [main/DEBUG] (LaunchWrapper) mixins/client/internal.client.mixins.json:networking.ConnectingScreenMixin from mod (unknown)->@Inject::connectToServer(Lorg/spongepowered/asm/mixin/injection/callback/CallbackInfo;)V has 0 override(s) in child classes
[00:22:17] [main/DEBUG] (LaunchWrapper) mixins/client/internal.client.mixins.json:networking.ConnectingScreenMixin from mod (unknown)->@Inject::connectToServer(Lorg/spongepowered/asm/mixin/injection/callback/CallbackInfo;)V won't be passed a CallbackInfo as a result
[00:22:17] [main/INFO] (Puzzle | Loader) Launching Cosmic Reach version 0.3.26
[00:22:17] [Thread-0/INFO] (CosmicReach | Account) No account found, playing in offline mode!
[00:22:17] [main/DEBUG] (LaunchWrapper) Mixing window.TitleMixin from mixins/client/internal.client.mixins.json into com.badlogic.gdx.backends.lwjgl3.Lwjgl3WindowConfiguration
[00:22:17] [Thread-0/INFO] (CosmicReach | Account) Account: [34moffline_id:9202528104487112365[37m, Username: [34moffline:localPlayer[37m, Display name: [34mPlayer[37m
[00:22:17] [main/DEBUG] (LaunchWrapper) mixins/client/internal.client.mixins.json:window.TitleMixin from mod (unknown)->@Inject::setTitle(Ljava/lang/String;Lorg/spongepowered/asm/mixin/injection/callback/CallbackInfo;)V does use it's CallbackInfo
[00:22:17] [main/DEBUG] (LaunchWrapper) Mixing LibgdxJSONFixer from mixins/common/fixes.common.mixins.json into com.badlogic.gdx.utils.Json
[00:22:17] [main/DEBUG] (LaunchWrapper) Mixing entrypoint.GameSingletonsMixin from mixins/client/internal.client.mixins.json into finalforeach.cosmicreach.GameSingletons
[00:22:17] [main/DEBUG] (LaunchWrapper) Mixing entrypoint.LoadInitModsMixin from mixins/client/internal.client.mixins.json into finalforeach.cosmicreach.BlockGame
[00:22:17] [main/DEBUG] (LaunchWrapper) Mixing BlockGameMixin from mixins/client/logging.client.mixins.json into finalforeach.cosmicreach.BlockGame
[00:22:17] [main/DEBUG] (LaunchWrapper) mixins/client/internal.client.mixins.json:entrypoint.LoadInitModsMixin from mod (unknown)->@Inject::onInit(Lorg/spongepowered/asm/mixin/injection/callback/CallbackInfo;)V does use it's CallbackInfo
[00:22:17] [main/DEBUG] (LaunchWrapper) mixins/client/logging.client.mixins.json:BlockGameMixin from mod (unknown)->@Inject::dispose(Lorg/spongepowered/asm/mixin/injection/callback/CallbackInfo;)V doesn't use it's CallbackInfo
[00:22:17] [main/DEBUG] (LaunchWrapper) mixins/client/logging.client.mixins.json:BlockGameMixin from mod (unknown)->@Inject::dispose(Lorg/spongepowered/asm/mixin/injection/callback/CallbackInfo;)V has 0 override(s) in child classes
[00:22:17] [main/DEBUG] (LaunchWrapper) mixins/client/logging.client.mixins.json:BlockGameMixin from mod (unknown)->@Inject::dispose(Lorg/spongepowered/asm/mixin/injection/callback/CallbackInfo;)V won't be passed a CallbackInfo as a result
[00:22:17] [main/DEBUG] (LaunchWrapper) Mixing LLwjgl3ApplicationLoggerMixin from mixins/client/logging.client.mixins.json into com.badlogic.gdx.backends.lwjgl3.Lwjgl3ApplicationLogger
[00:22:18] [main/DEBUG] (LaunchWrapper) Mixing assets.AssetLoaderMixin from mixins/common/internal.common.mixins.json into finalforeach.cosmicreach.GameAssetLoader
[00:22:18] [main/INFO] (Puzzle | AssetLoader) Loading [33m"textures/special/white-1x1.png"[37m from Cosmic Reach
[00:22:18] [main/INFO] (Puzzle | AssetLoader) Loading [33m"textures/special/black-1x1.png"[37m from Cosmic Reach
[00:22:18] [main/DEBUG] (LaunchWrapper) Mixing assets.GameShaderPathFixer from mixins/client/internal.client.mixins.json into finalforeach.cosmicreach.rendering.shaders.GameShader
[00:22:18] [main/DEBUG] (LaunchWrapper) Mixing GameShaderMixin from mixins/client/logging.client.mixins.json into finalforeach.cosmicreach.rendering.shaders.GameShader
[00:22:18] [main/DEBUG] (LaunchWrapper) Mixing ChunkShaderAccessor from mixins/client/accessors.client.mixins.json into finalforeach.cosmicreach.rendering.shaders.ChunkShader
[00:22:18] [main/DEBUG] (LaunchWrapper) Renaming @Accessor method getTerrainPixCurX()I to getTerrainPixCurX_$md$15e7a9$0 in mixins/client/accessors.client.mixins.json:ChunkShaderAccessor from mod (unknown)
[00:22:18] [main/DEBUG] (LaunchWrapper) Renaming @Accessor method setTerrainPixCurX(I)V to setTerrainPixCurX_$md$15e7a9$1 in mixins/client/accessors.client.mixins.json:ChunkShaderAccessor from mod (unknown)
[00:22:18] [main/DEBUG] (LaunchWrapper) Renaming @Accessor method getTerrainPixCurY()I to getTerrainPixCurY_$md$15e7a9$2 in mixins/client/accessors.client.mixins.json:ChunkShaderAccessor from mod (unknown)
[00:22:18] [main/DEBUG] (LaunchWrapper) Renaming @Accessor method setTerrainPixCurY(I)V to setTerrainPixCurY_$md$15e7a9$3 in mixins/client/accessors.client.mixins.json:ChunkShaderAccessor from mod (unknown)
[00:22:18] [main/DEBUG] (LaunchWrapper) Renaming @Accessor method getAllBlocksPix()Lcom/badlogic/gdx/graphics/Pixmap; to getAllBlocksPix_$md$15e7a9$4 in mixins/client/accessors.client.mixins.json:ChunkShaderAccessor from mod (unknown)
[00:22:18] [main/DEBUG] (LaunchWrapper) Renaming @Accessor method getChunkTerrainTex()Lcom/badlogic/gdx/graphics/Texture; to getChunkTerrainTex_$md$15e7a9$5 in mixins/client/accessors.client.mixins.json:ChunkShaderAccessor from mod (unknown)
[00:22:18] [main/DEBUG] (LaunchWrapper) Renaming @Accessor method setChunkTerrainTex(Lcom/badlogic/gdx/graphics/Texture;)V to setChunkTerrainTex_$md$15e7a9$6 in mixins/client/accessors.client.mixins.json:ChunkShaderAccessor from mod (unknown)
[00:22:18] [main/DEBUG] (LaunchWrapper) Renaming @Accessor method getStoredTexs()Ljava/util/HashMap; to getStoredTexs_$md$15e7a9$7 in mixins/client/accessors.client.mixins.json:ChunkShaderAccessor from mod (unknown)
[00:22:18] [main/DEBUG] (LaunchWrapper) Mixing assets.ChunkShaderPathFixer from mixins/client/internal.client.mixins.json into finalforeach.cosmicreach.rendering.shaders.ChunkShader
[00:22:18] [main/INFO] (Puzzle | AssetLoader) Loading [33m"shaders/chunk.vert.glsl"[37m from Cosmic Reach
[00:22:18] [main/INFO] (Puzzle | AssetLoader) Loading [33m"shaders/common/bitUnpacker.glsl"[37m from Cosmic Reach
[00:22:18] [main/INFO] (Puzzle | AssetLoader) Loading [33m"shaders/chunk.frag.glsl"[37m from Cosmic Reach
[00:22:18] [main/INFO] (Puzzle | AssetLoader) Loading [33m"shaders/common/fog.glsl"[37m from Cosmic Reach
[00:22:18] [main/INFO] (CosmicReach | Shaders) Compiling shader(base:shaders/chunk.vert.glsl, base:shaders/chunk.frag.glsl)...
[00:22:18] [main/INFO] (CosmicReach | Shaders) Loaded uniform: GL_FLOAT_VEC3 u_batchPosition at location=0
[00:22:18] [main/INFO] (CosmicReach | Shaders) Loaded uniform: GL_FLOAT_MAT4 u_projViewTrans at location=1
[00:22:18] [main/INFO] (CosmicReach | Shaders) Loaded uniform: GL_FLOAT_MAT4 u_modelMat at location=2
[00:22:18] [main/INFO] (CosmicReach | Shaders) Loaded uniform: GL_SAMPLER_BUFFER texBuffer at location=3
[00:22:18] [main/INFO] (CosmicReach | Shaders) Loaded uniform: GL_FLOAT_VEC3 cameraPosition at location=4
[00:22:18] [main/INFO] (CosmicReach | Shaders) Loaded uniform: GL_FLOAT_VEC3 skyAmbientColor at location=5
[00:22:18] [main/INFO] (CosmicReach | Shaders) Loaded uniform: GL_FLOAT_VEC4 tintColor at location=6
[00:22:18] [main/INFO] (CosmicReach | Shaders) Loaded uniform: GL_FLOAT_VEC3 worldAmbientColor at location=7
[00:22:18] [main/INFO] (CosmicReach | Shaders) Loaded uniform: GL_INT u_renderDistanceInChunks at location=8
[00:22:18] [main/INFO] (CosmicReach | Shaders) Loaded uniform: GL_SAMPLER_2D texDiffuse at location=9
[00:22:18] [main/INFO] (CosmicReach | Shaders) Loaded uniform: GL_FLOAT_VEC3 u_sunDirection at location=10
[00:22:18] [main/INFO] (CosmicReach | Shaders) Loaded uniform: GL_FLOAT u_fogDensity at location=11
[00:22:18] [main/INFO] (Puzzle | AssetLoader) Loading [33m"shaders/chunk-water.vert.glsl"[37m from Cosmic Reach
[00:22:18] [main/INFO] (Puzzle | AssetLoader) Loading [33m"shaders/common/bitUnpacker.glsl"[37m from Cosmic Reach
[00:22:18] [main/INFO] (Puzzle | AssetLoader) Loading [33m"shaders/chunk-water.frag.glsl"[37m from Cosmic Reach
[00:22:18] [main/INFO] (Puzzle | AssetLoader) Loading [33m"shaders/common/fog.glsl"[37m from Cosmic Reach
[00:22:18] [main/INFO] (CosmicReach | Shaders) Compiling shader(base:shaders/chunk-water.vert.glsl, base:shaders/chunk-water.frag.glsl)...
[00:22:18] [main/INFO] (CosmicReach | Shaders) Loaded uniform: GL_FLOAT_VEC3 u_batchPosition at location=0
[00:22:18] [main/INFO] (CosmicReach | Shaders) Loaded uniform: GL_FLOAT_MAT4 u_projViewTrans at location=1
[00:22:18] [main/INFO] (CosmicReach | Shaders) Loaded uniform: GL_FLOAT_MAT4 u_modelMat at location=2
[00:22:18] [main/INFO] (CosmicReach | Shaders) Loaded uniform: GL_FLOAT u_time at location=3
[00:22:18] [main/INFO] (CosmicReach | Shaders) Loaded uniform: GL_FLOAT_VEC3 cameraPosition at location=4
[00:22:18] [main/INFO] (CosmicReach | Shaders) Loaded uniform: GL_SAMPLER_BUFFER texBuffer at location=5
[00:22:18] [main/INFO] (CosmicReach | Shaders) Loaded uniform: GL_FLOAT_VEC3 skyAmbientColor at location=6
[00:22:18] [main/INFO] (CosmicReach | Shaders) Loaded uniform: GL_FLOAT_VEC3 skyColor at location=7
[00:22:18] [main/INFO] (CosmicReach | Shaders) Loaded uniform: GL_FLOAT_VEC4 tintColor at location=8
[00:22:18] [main/INFO] (CosmicReach | Shaders) Loaded uniform: GL_FLOAT_VEC3 worldAmbientColor at location=9
[00:22:18] [main/INFO] (CosmicReach | Shaders) Loaded uniform: GL_FLOAT_VEC3 u_sunDirection at location=10
[00:22:18] [main/INFO] (CosmicReach | Shaders) Loaded uniform: GL_INT u_renderDistanceInChunks at location=11
[00:22:18] [main/INFO] (CosmicReach | Shaders) Loaded uniform: GL_SAMPLER_2D texDiffuse at location=12
[00:22:18] [main/INFO] (CosmicReach | Shaders) Loaded uniform: GL_SAMPLER_2D noiseTex at location=13
[00:22:18] [main/INFO] (CosmicReach | Shaders) Loaded uniform: GL_FLOAT u_fogDensity at location=14
[00:22:18] [main/INFO] (Puzzle | AssetLoader) Loading [33m"textures/special/noise.png"[37m from Cosmic Reach
[00:22:18] [main/INFO] (Puzzle | AssetLoader) Loading [33m"shaders/sky-star.vert.glsl"[37m from Cosmic Reach
[00:22:18] [main/INFO] (Puzzle | AssetLoader) Loading [33m"shaders/sky-star.frag.glsl"[37m from Cosmic Reach
[00:22:18] [main/INFO] (CosmicReach | Shaders) Compiling shader(base:shaders/sky-star.vert.glsl, base:shaders/sky-star.frag.glsl)...
[00:22:18] [main/INFO] (CosmicReach | Shaders) Loaded uniform: GL_FLOAT_MAT4 u_projViewTrans at location=0
[00:22:18] [main/INFO] (Puzzle | AssetLoader) Loading [33m"shaders/sky.vert.glsl"[37m from Cosmic Reach
[00:22:18] [main/INFO] (Puzzle | AssetLoader) Loading [33m"shaders/sky.frag.glsl"[37m from Cosmic Reach
[00:22:18] [main/INFO] (Puzzle | AssetLoader) Loading [33m"shaders/common/fog.glsl"[37m from Cosmic Reach
[00:22:18] [main/INFO] (CosmicReach | Shaders) Compiling shader(base:shaders/sky.vert.glsl, base:shaders/sky.frag.glsl)...
[00:22:18] [main/INFO] (CosmicReach | Shaders) Loaded uniform: GL_FLOAT_MAT4 u_projViewTrans at location=0
[00:22:18] [main/INFO] (CosmicReach | Shaders) Loaded uniform: GL_FLOAT_VEC3 u_sunDirection at location=1
[00:22:18] [main/INFO] (CosmicReach | Shaders) Loaded uniform: GL_FLOAT_VEC3 skyAmbientColor at location=2
[00:22:18] [main/INFO] (CosmicReach | Shaders) Loaded uniform: GL_FLOAT u_fogDensity at location=3
[00:22:18] [main/INFO] (Puzzle | AssetLoader) Loading [33m"shaders/entity.vert.glsl"[37m from Cosmic Reach
[00:22:18] [main/INFO] (Puzzle | AssetLoader) Loading [33m"shaders/entity.frag.glsl"[37m from Cosmic Reach
[00:22:18] [main/INFO] (Puzzle | AssetLoader) Loading [33m"shaders/common/fog.glsl"[37m from Cosmic Reach
[00:22:18] [main/INFO] (CosmicReach | Shaders) Compiling shader(base:shaders/entity.vert.glsl, base:shaders/entity.frag.glsl)...
[00:22:18] [main/INFO] (CosmicReach | Shaders) Loaded uniform: GL_FLOAT_MAT4 u_projViewTrans at location=0
[00:22:18] [main/INFO] (CosmicReach | Shaders) Loaded uniform: GL_FLOAT_MAT4 u_modelMat at location=1
[00:22:18] [main/INFO] (CosmicReach | Shaders) Loaded uniform: GL_FLOAT u_fogDensity at location=2
[00:22:18] [main/INFO] (CosmicReach | Shaders) Loaded uniform: GL_FLOAT_VEC3 u_sunDirection at location=3
[00:22:18] [main/INFO] (CosmicReach | Shaders) Loaded uniform: GL_FLOAT_VEC3 cameraPosition at location=4
[00:22:18] [main/INFO] (CosmicReach | Shaders) Loaded uniform: GL_FLOAT_VEC3 skyAmbientColor at location=5
[00:22:18] [main/INFO] (CosmicReach | Shaders) Loaded uniform: GL_SAMPLER_2D texDiffuse at location=6
[00:22:18] [main/INFO] (CosmicReach | Shaders) Loaded uniform: GL_SAMPLER_2D texEmission at location=7
[00:22:18] [main/INFO] (CosmicReach | Shaders) Loaded uniform: GL_FLOAT_VEC4 tintColor at location=8
[00:22:18] [main/INFO] (Puzzle | AssetLoader) Loading [33m"shaders/death-screen.vert.glsl"[37m from Cosmic Reach
[00:22:18] [main/INFO] (Puzzle | AssetLoader) Loading [33m"shaders/death-screen.frag.glsl"[37m from Cosmic Reach
[00:22:18] [main/INFO] (CosmicReach | Shaders) Compiling shader(base:shaders/death-screen.vert.glsl, base:shaders/death-screen.frag.glsl)...
[00:22:18] [main/INFO] (CosmicReach | Shaders) Loaded uniform: GL_FLOAT_MAT4 u_projTrans at location=0
[00:22:18] [main/INFO] (CosmicReach | Shaders) Loaded uniform: GL_SAMPLER_2D u_texture at location=1
[00:22:18] [main/INFO] (CosmicReach | Shaders) Loaded uniform: GL_FLOAT u_time at location=2
[00:22:18] [main/INFO] (Puzzle | AssetLoader) Loading [33m"shaders/item_shader.vert.glsl"[37m from Cosmic Reach
[00:22:18] [main/INFO] (Puzzle | AssetLoader) Loading [33m"shaders/item_shader.frag.glsl"[37m from Cosmic Reach
[00:22:18] [main/INFO] (Puzzle | AssetLoader) Loading [33m"shaders/common/fog.glsl"[37m from Cosmic Reach
[00:22:18] [main/INFO] (CosmicReach | Shaders) Compiling shader(base:shaders/item_shader.vert.glsl, base:shaders/item_shader.frag.glsl)...
[00:22:18] [main/INFO] (CosmicReach | Shaders) Loaded uniform: GL_FLOAT_MAT4 u_projViewTrans at location=0
[00:22:18] [main/INFO] (CosmicReach | Shaders) Loaded uniform: GL_FLOAT_MAT4 u_modelMat at location=1
[00:22:18] [main/INFO] (CosmicReach | Shaders) Loaded uniform: GL_SAMPLER_2D texDiffuse at location=2
[00:22:18] [main/INFO] (CosmicReach | Shaders) Loaded uniform: GL_FLOAT_VEC4 tintColor at location=3
[00:22:18] [main/INFO] (CosmicReach | Shaders) Loaded uniform: GL_INT isInSlot at location=4
[00:22:18] [main/INFO] (CosmicReach | Shaders) Loaded uniform: GL_FLOAT u_fogDensity at location=5
[00:22:18] [main/INFO] (CosmicReach | Shaders) Loaded uniform: GL_FLOAT_VEC3 u_sunDirection at location=6
[00:22:18] [main/INFO] (CosmicReach | Shaders) Loaded uniform: GL_FLOAT_VEC3 cameraPosition at location=7
[00:22:18] [main/INFO] (CosmicReach | Shaders) Loaded uniform: GL_FLOAT_VEC3 skyAmbientColor at location=8
[00:22:18] [main/INFO] (Puzzle | AssetLoader) Loading [33m"shaders/text.vert.glsl"[37m from Cosmic Reach
[00:22:18] [main/INFO] (Puzzle | AssetLoader) Loading [33m"shaders/text.frag.glsl"[37m from Cosmic Reach
[00:22:18] [main/INFO] (CosmicReach | Shaders) Compiling shader(base:shaders/text.vert.glsl, base:shaders/text.frag.glsl)...
[00:22:18] [main/INFO] (CosmicReach | Shaders) Loaded uniform: GL_FLOAT_MAT4 u_projViewTrans at location=0
[00:22:18] [main/INFO] (CosmicReach | Shaders) Loaded uniform: GL_FLOAT_MAT4 u_modelMat at location=1
[00:22:18] [main/INFO] (CosmicReach | Shaders) Loaded uniform: GL_SAMPLER_2D texDiffuse at location=2
[00:22:18] [main/INFO] (CosmicReach | Shaders) Loaded uniform: GL_FLOAT_VEC4 color at location=3
[00:22:18] [main/INFO] (CosmicReach | Shaders) Loaded uniform: GL_FLOAT_VEC4 ambientColor at location=4
[00:22:18] [main/INFO] (CosmicReach | Shaders) Loaded uniform: GL_FLOAT_VEC4 outlineColor at location=5
[00:22:18] [main/INFO] (CosmicReach | Shaders) Loaded uniform: GL_FLOAT texWidth at location=6
[00:22:18] [main/INFO] (CosmicReach | Shaders) Loaded uniform: GL_FLOAT texHeight at location=7
[00:22:18] [main/INFO] (CosmicReach | Shaders) Loaded uniform: GL_INT funcMask at location=8
[00:22:18] [main/INFO] (Puzzle | AssetLoader) Loading [33m"shaders/particle.vert.glsl"[37m from Cosmic Reach
[00:22:18] [main/INFO] (Puzzle | AssetLoader) Loading [33m"shaders/particle.frag.glsl"[37m from Cosmic Reach
[00:22:18] [main/INFO] (CosmicReach | Shaders) Compiling shader(base:shaders/particle.vert.glsl, base:shaders/particle.frag.glsl)...
[00:22:18] [main/INFO] (CosmicReach | Shaders) Loaded uniform: GL_FLOAT_MAT4 u_proj at location=0
[00:22:18] [main/INFO] (CosmicReach | Shaders) Loaded uniform: GL_FLOAT_MAT4 u_view at location=1
[00:22:18] [main/INFO] (CosmicReach | Shaders) Loaded uniform: GL_SAMPLER_2D texDiffuse at location=2
[00:22:18] [main/INFO] (Puzzle | AssetLoader) Loading [33m"lang/en_us/base_blocks.json"[37m from Cosmic Reach
[00:22:18] [main/INFO] (Puzzle | AssetLoader) Loading [33m"lang/en_us/tip.json"[37m from Cosmic Reach
[00:22:18] [main/INFO] (Puzzle | AssetLoader) Loading [33m"lang/en_us/spoilers/odd-tips.json"[37m from Cosmic Reach
[00:22:18] [main/INFO] (Puzzle | AssetLoader) Loading [33m"lang/en_us/game.json"[37m from Cosmic Reach
[00:22:18] [main/INFO] (Puzzle | AssetLoader) Loading [33m"lang/en_us/base_items.json"[37m from Cosmic Reach
[00:22:18] [main/INFO] (Puzzle | AssetLoader) Loading [33m"music/Fluff (Stewart Keller).json"[37m from Cosmic Reach
[00:22:18] [main/INFO] (Puzzle | AssetLoader) Loading [33m"music/Fluff (Stewart Keller).ogg"[37m from Cosmic Reach
[00:22:18] [main/INFO] (Puzzle | AssetLoader) Loading [33m"music/Without Bounds (Stewart Keller).json"[37m from Cosmic Reach
[00:22:18] [main/INFO] (Puzzle | AssetLoader) Loading [33m"music/Without Bounds (Stewart Keller).ogg"[37m from Cosmic Reach
[00:22:18] [main/INFO] (Puzzle | AssetLoader) Loading [33m"music/Navigation.json"[37m from Cosmic Reach
[00:22:18] [main/INFO] (Puzzle | AssetLoader) Loading [33m"music/Navigation.ogg"[37m from Cosmic Reach
[00:22:18] [main/INFO] (Puzzle | AssetLoader) Loading [33m"music/Cozy Settlement.json"[37m from Cosmic Reach
[00:22:18] [main/INFO] (Puzzle | AssetLoader) Loading [33m"music/Cozy Settlement.ogg"[37m from Cosmic Reach
[00:22:18] [main/INFO] (Puzzle | AssetLoader) Loading [33m"music/a starry midnight.json"[37m from Cosmic Reach
[00:22:18] [main/INFO] (Puzzle | AssetLoader) Loading [33m"music/a starry midnight.ogg"[37m from Cosmic Reach
[00:22:18] [main/INFO] (Puzzle | AssetLoader) Loading [33m"music/Construction.json"[37m from Cosmic Reach
[00:22:18] [main/INFO] (Puzzle | AssetLoader) Loading [33m"music/Construction.ogg"[37m from Cosmic Reach
[00:22:18] [main/INFO] (Puzzle | AssetLoader) Loading [33m"music/Development (Stewart Keller).json"[37m from Cosmic Reach
[00:22:18] [main/INFO] (Puzzle | AssetLoader) Loading [33m"music/Development (Stewart Keller).ogg"[37m from Cosmic Reach
[00:22:18] [main/INFO] (Puzzle | AssetLoader) Loading [33m"music/Outer Lands.json"[37m from Cosmic Reach
[00:22:18] [main/INFO] (Puzzle | AssetLoader) Loading [33m"music/Outer Lands.ogg"[37m from Cosmic Reach
[00:22:18] [main/INFO] (Puzzle | AssetLoader) Loading [33m"music/another sunny morning.json"[37m from Cosmic Reach
[00:22:18] [main/INFO] (Puzzle | AssetLoader) Loading [33m"music/another sunny morning.ogg"[37m from Cosmic Reach
[00:22:18] [main/INFO] (Puzzle | AssetLoader) Loading [33m"music/Tiptoe (Stewart Keller).json"[37m from Cosmic Reach
[00:22:18] [main/INFO] (Puzzle | AssetLoader) Loading [33m"music/Tiptoe (Stewart Keller).ogg"[37m from Cosmic Reach
[00:22:18] [main/INFO] (Puzzle | AssetLoader) Loading [33m"music/asking somehow matters.json"[37m from Cosmic Reach
[00:22:18] [main/INFO] (Puzzle | AssetLoader) Loading [33m"music/asking somehow matters.ogg"[37m from Cosmic Reach
[00:22:18] [main/DEBUG] (LaunchWrapper) Mixing assets.BlockModelJsonMixin from mixins/client/internal.client.mixins.json into finalforeach.cosmicreach.rendering.blockmodels.BlockModelJson
[00:22:18] [main/DEBUG] (LaunchWrapper) Mixing model.BlockModelJsonInitDisabler from mixins/client/internal.client.mixins.json into finalforeach.cosmicreach.rendering.blockmodels.BlockModelJson
[00:22:18] [main/DEBUG] (LaunchWrapper) mixins/client/internal.client.mixins.json:model.BlockModelJsonInitDisabler from mod (unknown)->@Inject::init0(ILorg/spongepowered/asm/mixin/injection/callback/CallbackInfo;)V does use it's CallbackInfo
[00:22:18] [main/DEBUG] (LaunchWrapper) Mixing ZoneLoggingMixin from mixins/common/logging.common.mixins.json into finalforeach.cosmicreach.world.Zone
[00:22:18] [main/DEBUG] (LaunchWrapper) Mixing networking.GamePacketMixin from mixins/common/internal.common.mixins.json into finalforeach.cosmicreach.networking.GamePacket
[00:22:18] [main/DEBUG] (LaunchWrapper) mixins/common/internal.common.mixins.json:networking.GamePacketMixin from mod (unknown)->@Inject::registerPacket(Ljava/lang/Class;Lorg/spongepowered/asm/mixin/injection/callback/CallbackInfo;)V does use it's CallbackInfo
[00:22:18] [main/DEBUG] (LaunchWrapper) mixins/common/internal.common.mixins.json:networking.GamePacketMixin from mod (unknown)->@Inject::registerPacket(Ljava/lang/String;ILjava/lang/Class;Lorg/spongepowered/asm/mixin/injection/callback/CallbackInfo;)V does use it's CallbackInfo
[00:22:18] [main/DEBUG] (LaunchWrapper) mixins/common/internal.common.mixins.json:networking.GamePacketMixin from mod (unknown)->@Inject::clinit(Lorg/spongepowered/asm/mixin/injection/callback/CallbackInfo;)V doesn't use it's CallbackInfo
[00:22:18] [main/DEBUG] (LaunchWrapper) Mixing items.InGameMixin from mixins/client/internal.client.mixins.json into finalforeach.cosmicreach.gamestates.InGame
[00:22:18] [main/DEBUG] (LaunchWrapper) Mixing InGameMixin from cosmictooltips.client.mixins.json into finalforeach.cosmicreach.gamestates.InGame
[00:22:18] [main/DEBUG] (LaunchWrapper) mixins/client/internal.client.mixins.json:items.InGameMixin from mod (unknown)->@Inject::update(FLorg/spongepowered/asm/mixin/injection/callback/CallbackInfo;)V doesn't use it's CallbackInfo
[00:22:18] [main/DEBUG] (LaunchWrapper) mixins/client/internal.client.mixins.json:items.InGameMixin from mod (unknown)->@Inject::update(FLorg/spongepowered/asm/mixin/injection/callback/CallbackInfo;)V has 0 override(s) in child classes
[00:22:18] [main/DEBUG] (LaunchWrapper) mixins/client/internal.client.mixins.json:items.InGameMixin from mod (unknown)->@Inject::update(FLorg/spongepowered/asm/mixin/injection/callback/CallbackInfo;)V won't be passed a CallbackInfo as a result
[00:22:18] [main/DEBUG] (LaunchWrapper) cosmictooltips.client.mixins.json:InGameMixin from mod (unknown)->@Inject::update(Lorg/spongepowered/asm/mixin/injection/callback/CallbackInfo;)V doesn't use it's CallbackInfo
[00:22:18] [main/DEBUG] (LaunchWrapper) cosmictooltips.client.mixins.json:InGameMixin from mod (unknown)->@Inject::update(Lorg/spongepowered/asm/mixin/injection/callback/CallbackInfo;)V has 0 override(s) in child classes
[00:22:18] [main/DEBUG] (LaunchWrapper) cosmictooltips.client.mixins.json:InGameMixin from mod (unknown)->@Inject::update(Lorg/spongepowered/asm/mixin/injection/callback/CallbackInfo;)V won't be passed a CallbackInfo as a result
[00:22:18] [main/DEBUG] (LaunchWrapper) cosmictooltips.client.mixins.json:InGameMixin from mod (unknown)->@Inject::render(Lorg/spongepowered/asm/mixin/injection/callback/CallbackInfo;)V doesn't use it's CallbackInfo
[00:22:18] [main/DEBUG] (LaunchWrapper) cosmictooltips.client.mixins.json:InGameMixin from mod (unknown)->@Inject::render(Lorg/spongepowered/asm/mixin/injection/callback/CallbackInfo;)V has 0 override(s) in child classes
[00:22:18] [main/DEBUG] (LaunchWrapper) cosmictooltips.client.mixins.json:InGameMixin from mod (unknown)->@Inject::render(Lorg/spongepowered/asm/mixin/injection/callback/CallbackInfo;)V won't be passed a CallbackInfo as a result
[00:22:18] [main/DEBUG] (LaunchWrapper) Mixing items.rendering.EntityMixin from mixins/client/internal.client.mixins.json into finalforeach.cosmicreach.entities.Entity
[00:22:18] [main/DEBUG] (LaunchWrapper) mixins/client/internal.client.mixins.json:items.rendering.EntityMixin from mod (unknown)->@Inject::render(Lcom/badlogic/gdx/graphics/Camera;Lorg/spongepowered/asm/mixin/injection/callback/CallbackInfo;)V does use it's CallbackInfo
[00:22:18] [main/DEBUG] (LaunchWrapper) Mixing networking.ProtocolSyncPacketMixin from mixins/common/internal.common.mixins.json into finalforeach.cosmicreach.networking.packets.meta.ProtocolSyncPacket
[00:22:18] [main/INFO] (PacketInterceptor) Registered [92mLazy[0m Packet [34m"finalforeach.cosmicreach.networking.packets.meta.ProtocolSyncPacket"[0m with numeral ID [35m#1
[00:22:18] [main/INFO] (PacketInterceptor) Registered [92mLazy[0m Packet [34m"finalforeach.cosmicreach.networking.packets.meta.TransactionPacket"[0m with numeral ID [35m#2
[00:22:18] [main/INFO] (PacketInterceptor) Registered [92mLazy[0m Packet [34m"finalforeach.cosmicreach.networking.packets.meta.LoginPacket"[0m with numeral ID [35m#3
[00:22:18] [main/INFO] (PacketInterceptor) Registered [92mLazy[0m Packet [34m"finalforeach.cosmicreach.networking.packets.meta.RemovedPlayerPacket"[0m with numeral ID [35m#4
[00:22:18] [main/INFO] (PacketInterceptor) Registered [92mLazy[0m Packet [34m"finalforeach.cosmicreach.networking.packets.EndTickPacket"[0m with numeral ID [35m#5
[00:22:18] [main/INFO] (PacketInterceptor) Registered [92mLazy[0m Packet [34m"finalforeach.cosmicreach.networking.packets.meta.WorldRecievedGamePacket"[0m with numeral ID [35m#6
[00:22:18] [main/INFO] (PacketInterceptor) Registered [92mLazy[0m Packet [34m"finalforeach.cosmicreach.networking.packets.meta.SetNetworkSetting"[0m with numeral ID [35m#7
[00:22:18] [main/INFO] (PacketInterceptor) Registered [92mLazy[0m Packet [34m"finalforeach.cosmicreach.networking.packets.meta.ChallengeLoginPacket"[0m with numeral ID [35m#8
[00:22:18] [main/INFO] (PacketInterceptor) Registered [92mLazy[0m Packet [34m"finalforeach.cosmicreach.networking.packets.meta.ItchSessionTokenPacket"[0m with numeral ID [35m#9
[00:22:18] [main/INFO] (PacketInterceptor) Registered [92mLazy[0m Packet [34m"finalforeach.cosmicreach.networking.packets.entities.PlayerPacket"[0m with numeral ID [35m#10
[00:22:18] [main/INFO] (PacketInterceptor) Registered [92mLazy[0m Packet [34m"finalforeach.cosmicreach.networking.packets.MessagePacket"[0m with numeral ID [35m#11
[00:22:18] [main/INFO] (PacketInterceptor) Registered [92mLazy[0m Packet [34m"finalforeach.cosmicreach.networking.packets.entities.PlayerPositionPacket"[0m with numeral ID [35m#12
[00:22:18] [main/INFO] (PacketInterceptor) Registered [92mLazy[0m Packet [34m"finalforeach.cosmicreach.networking.packets.entities.EntityPositionPacket"[0m with numeral ID [35m#13
[00:22:18] [main/INFO] (PacketInterceptor) Registered [92mLazy[0m Packet [34m"finalforeach.cosmicreach.networking.packets.entities.NoClipPacket"[0m with numeral ID [35m#14
[00:22:18] [main/INFO] (PacketInterceptor) Registered [92mLazy[0m Packet [34m"finalforeach.cosmicreach.networking.packets.ZonePacket"[0m with numeral ID [35m#15
[00:22:18] [main/INFO] (PacketInterceptor) Registered [92mLazy[0m Packet [34m"finalforeach.cosmicreach.networking.packets.ChunkColumnPacket"[0m with numeral ID [35m#16
[00:22:18] [main/DEBUG] (LaunchWrapper) Mixing networking.CommandPacketMixin from mixins/common/internal.common.mixins.json into finalforeach.cosmicreach.networking.packets.CommandPacket
[00:22:18] [main/DEBUG] (LaunchWrapper) Renaming synthetic method lambda$handle$0(Lfinalforeach/cosmicreach/networking/NetworkIdentity;Lfinalforeach/cosmicreach/accounts/Account;Ljava/lang/String;)V to md15e7a9$lambda$handle$0$0 in mixins/common/internal.common.mixins.json:networking.CommandPacketMixin from mod (unknown)
[00:22:18] [main/INFO] (PacketInterceptor) Registered [92mLazy[0m Packet [34m"finalforeach.cosmicreach.networking.packets.CommandPacket"[0m with numeral ID [35m#17
[00:22:18] [main/INFO] (PacketInterceptor) Registered [92mLazy[0m Packet [34m"finalforeach.cosmicreach.networking.packets.meta.DisconnectPacket"[0m with numeral ID [35m#18
[00:22:18] [main/DEBUG] (LaunchWrapper) Mixing BlockStateLogging from mixins/common/logging.common.mixins.json into finalforeach.cosmicreach.blocks.BlockState
[00:22:18] [main/INFO] (PacketInterceptor) Registered [92mLazy[0m Packet [34m"finalforeach.cosmicreach.networking.packets.blocks.PlaceBlockPacket"[0m with numeral ID [35m#19
[00:22:18] [main/INFO] (PacketInterceptor) Registered [92mLazy[0m Packet [34m"finalforeach.cosmicreach.networking.packets.blocks.BreakBlockPacket"[0m with numeral ID [35m#20
[00:22:18] [main/INFO] (PacketInterceptor) Registered [92mLazy[0m Packet [34m"finalforeach.cosmicreach.networking.packets.blocks.InteractBlockPacket"[0m with numeral ID [35m#21
[00:22:18] [main/INFO] (PacketInterceptor) Registered [92mLazy[0m Packet [34m"finalforeach.cosmicreach.networking.packets.blocks.BlockReplacePacket"[0m with numeral ID [35m#22
[00:22:18] [main/INFO] (PacketInterceptor) Registered [92mLazy[0m Packet [34m"finalforeach.cosmicreach.networking.packets.sounds.PlaySound2DPacket"[0m with numeral ID [35m#23
[00:22:18] [main/INFO] (PacketInterceptor) Registered [92mLazy[0m Packet [34m"finalforeach.cosmicreach.networking.packets.sounds.PlaySound3DPacket"[0m with numeral ID [35m#24
[00:22:18] [main/INFO] (PacketInterceptor) Registered [92mLazy[0m Packet [34m"finalforeach.cosmicreach.networking.packets.items.DropItemPacket"[0m with numeral ID [35m#25
[00:22:18] [main/INFO] (PacketInterceptor) Registered [92mLazy[0m Packet [34m"finalforeach.cosmicreach.networking.packets.items.SlotInteractPacket"[0m with numeral ID [35m#26
[00:22:18] [main/INFO] (PacketInterceptor) Registered [92mLazy[0m Packet [34m"finalforeach.cosmicreach.networking.packets.items.ContainerSyncPacket"[0m with numeral ID [35m#27
[00:22:18] [main/INFO] (PacketInterceptor) Registered [92mLazy[0m Packet [34m"finalforeach.cosmicreach.networking.packets.blocks.BlockEntityContainerSyncPacket"[0m with numeral ID [35m#28
[00:22:18] [main/INFO] (PacketInterceptor) Registered [92mLazy[0m Packet [34m"finalforeach.cosmicreach.networking.packets.blocks.BlockEntityScreenPacket"[0m with numeral ID [35m#29
[00:22:18] [main/INFO] (PacketInterceptor) Registered [92mLazy[0m Packet [34m"finalforeach.cosmicreach.networking.packets.blocks.BlockEntityDataPacket"[0m with numeral ID [35m#30
[00:22:18] [main/INFO] (PacketInterceptor) Registered [92mLazy[0m Packet [34m"finalforeach.cosmicreach.networking.packets.blocks.DropItemFromBlockEntityContainerPacket"[0m with numeral ID [35m#31
[00:22:18] [main/INFO] (PacketInterceptor) Registered [92mLazy[0m Packet [34m"finalforeach.cosmicreach.networking.packets.blocks.SignsEntityPacket"[0m with numeral ID [35m#32
[00:22:18] [main/DEBUG] (LaunchWrapper) Mixing items.ItemStackMixin from mixins/common/internal.common.mixins.json into finalforeach.cosmicreach.items.ItemStack
[00:22:18] [main/DEBUG] (LaunchWrapper) mixins/common/internal.common.mixins.json:items.ItemStackMixin from mod (unknown)->@Inject::read(Lfinalforeach/cosmicreach/savelib/crbin/CRBinDeserializer;Lorg/spongepowered/asm/mixin/injection/callback/CallbackInfo;)V doesn't use it's CallbackInfo
[00:22:18] [main/DEBUG] (LaunchWrapper) mixins/common/internal.common.mixins.json:items.ItemStackMixin from mod (unknown)->@Inject::read(Lfinalforeach/cosmicreach/savelib/crbin/CRBinDeserializer;Lorg/spongepowered/asm/mixin/injection/callback/CallbackInfo;)V has 0 override(s) in child classes
[00:22:18] [main/DEBUG] (LaunchWrapper) mixins/common/internal.common.mixins.json:items.ItemStackMixin from mod (unknown)->@Inject::read(Lfinalforeach/cosmicreach/savelib/crbin/CRBinDeserializer;Lorg/spongepowered/asm/mixin/injection/callback/CallbackInfo;)V won't be passed a CallbackInfo as a result
[00:22:18] [main/DEBUG] (LaunchWrapper) mixins/common/internal.common.mixins.json:items.ItemStackMixin from mod (unknown)->@Inject::write(Lfinalforeach/cosmicreach/savelib/crbin/CRBinSerializer;Lorg/spongepowered/asm/mixin/injection/callback/CallbackInfo;)V doesn't use it's CallbackInfo
[00:22:18] [main/DEBUG] (LaunchWrapper) mixins/common/internal.common.mixins.json:items.ItemStackMixin from mod (unknown)->@Inject::write(Lfinalforeach/cosmicreach/savelib/crbin/CRBinSerializer;Lorg/spongepowered/asm/mixin/injection/callback/CallbackInfo;)V has 0 override(s) in child classes
[00:22:18] [main/DEBUG] (LaunchWrapper) mixins/common/internal.common.mixins.json:items.ItemStackMixin from mod (unknown)->@Inject::write(Lfinalforeach/cosmicreach/savelib/crbin/CRBinSerializer;Lorg/spongepowered/asm/mixin/injection/callback/CallbackInfo;)V won't be passed a CallbackInfo as a result
[00:22:18] [main/DEBUG] (LaunchWrapper) mixins/common/internal.common.mixins.json:items.ItemStackMixin from mod (unknown)->@Inject::canDamage(ILorg/spongepowered/asm/mixin/injection/callback/CallbackInfo;)V does use it's CallbackInfo
[00:22:18] [main/INFO] (PacketInterceptor) Registered [92mLazy[0m Packet [34m"finalforeach.cosmicreach.networking.packets.items.RequestGiveItemPacket"[0m with numeral ID [35m#33
[00:22:18] [main/INFO] (PacketInterceptor) Registered [92mLazy[0m Packet [34m"finalforeach.cosmicreach.networking.packets.items.SlotSyncPacket"[0m with numeral ID [35m#34
[00:22:18] [main/INFO] (PacketInterceptor) Registered [92mLazy[0m Packet [34m"finalforeach.cosmicreach.networking.packets.entities.SpawnEntityPacket"[0m with numeral ID [35m#35
[00:22:18] [main/INFO] (PacketInterceptor) Registered [92mLazy[0m Packet [34m"finalforeach.cosmicreach.networking.packets.entities.DespawnEntityPacket"[0m with numeral ID [35m#36
[00:22:18] [main/INFO] (PacketInterceptor) Registered [92mLazy[0m Packet [34m"finalforeach.cosmicreach.networking.packets.entities.AttackEntityPacket"[0m with numeral ID [35m#37
[00:22:18] [main/INFO] (PacketInterceptor) Registered [92mLazy[0m Packet [34m"finalforeach.cosmicreach.networking.packets.entities.InteractEntityPacket"[0m with numeral ID [35m#38
[00:22:18] [main/INFO] (PacketInterceptor) Registered [92mLazy[0m Packet [34m"finalforeach.cosmicreach.networking.packets.entities.HitEntityPacket"[0m with numeral ID [35m#39
[00:22:18] [main/INFO] (PacketInterceptor) Registered [92mLazy[0m Packet [34m"finalforeach.cosmicreach.networking.packets.entities.MaxHPEntityPacket"[0m with numeral ID [35m#40
[00:22:18] [main/INFO] (PacketInterceptor) Registered [92mLazy[0m Packet [34m"finalforeach.cosmicreach.networking.packets.entities.RespawnPacket"[0m with numeral ID [35m#41
[00:22:18] [main/INFO] (PacketInterceptor) Registered [92mLazy[0m Packet [34m"finalforeach.cosmicreach.networking.packets.ParticleSystemPacket"[0m with numeral ID [35m#42
[00:22:18] [main/INFO] (PacketInterceptor) Registered [92mLazy[0m Packet [34m"finalforeach.cosmicreach.networking.packets.sounds.SetMusicTagsPacket"[0m with numeral ID [35m#43
[00:22:18] [main/INFO] (PacketInterceptor) Registered [92mLazy[0m Packet [34m"finalforeach.cosmicreach.networking.packets.sounds.ForceSongChangePacket"[0m with numeral ID [35m#44
[00:22:18] [main/INFO] (PacketInterceptor) Registered [95mReserved[0m Packet [34m"identification-packet"[0m with numeral ID [35m#9000
[00:22:18] [main/INFO] (PacketInterceptor) Registered [95mReserved[0m Packet [34m"modlist-request-packet"[0m with numeral ID [35m#9001
[00:22:18] [main/INFO] (PacketInterceptor) Registered [95mReserved[0m Packet [34m"modlist-send-packet"[0m with numeral ID [35m#9002
[00:22:18] [main/INFO] (PacketInterceptor) Registered [92mLazy[0m Packet [34m"com.github.puzzle.game.networking.packet.items.UseModdedItemPacket"[0m with numeral ID [35m#48
[00:22:18] [main/INFO] (Puzzle | GameLoader) Shared Indices are on
[00:22:19] [main/WARN] (org.reflections.Reflections) could not create Vfs.Dir from url. ignoring the exception and continuing
org.reflections.ReflectionsException: could not create Vfs.Dir from url, no matching UrlType was found [file:/home/nicholas/Documents/coding/CosmicMods/CosmicTooltips/build/classes/java/main]
either use fromURL(final URL url, final List<UrlType> urlTypes) or use the static setDefaultURLTypes(final List<UrlType> urlTypes) or addDefaultURLTypes(UrlType urlType) with your specialized UrlType.
	at org.reflections.vfs.Vfs.fromURL(Vfs.java:113) ~[PuzzleLoader-2.3.3-client.jar:?]
	at org.reflections.vfs.Vfs.fromURL(Vfs.java:95) ~[PuzzleLoader-2.3.3-client.jar:?]
	at org.reflections.Reflections.lambda$scan$2(Reflections.java:176) ~[PuzzleLoader-2.3.3-client.jar:?]
	at java.util.stream.ForEachOps$ForEachOp$OfRef.accept(ForEachOps.java:183) ~[?:?]
	at java.util.HashMap$KeySpliterator.forEachRemaining(HashMap.java:1707) ~[?:?]
	at java.util.stream.AbstractPipeline.copyInto(AbstractPipeline.java:509) ~[?:?]
	at java.util.stream.ForEachOps$ForEachTask.compute(ForEachOps.java:290) ~[?:?]
	at java.util.concurrent.CountedCompleter.exec(CountedCompleter.java:754) ~[?:?]
	at java.util.concurrent.ForkJoinTask.doExec(ForkJoinTask.java:373) ~[?:?]
	at java.util.concurrent.ForkJoinTask.invoke(ForkJoinTask.java:686) ~[?:?]
	at java.util.stream.ForEachOps$ForEachOp.evaluateParallel(ForEachOps.java:159) ~[?:?]
	at java.util.stream.ForEachOps$ForEachOp$OfRef.evaluateParallel(ForEachOps.java:173) ~[?:?]
	at java.util.stream.AbstractPipeline.evaluate(AbstractPipeline.java:233) ~[?:?]
	at java.util.stream.ReferencePipeline.forEach(ReferencePipeline.java:596) ~[?:?]
	at java.util.stream.ReferencePipeline$Head.forEach(ReferencePipeline.java:765) ~[?:?]
	at org.reflections.Reflections.scan(Reflections.java:173) ~[PuzzleLoader-2.3.3-client.jar:?]
	at org.reflections.Reflections.<init>(Reflections.java:126) ~[PuzzleLoader-2.3.3-client.jar:?]
	at org.reflections.Reflections.<init>(Reflections.java:159) ~[PuzzleLoader-2.3.3-client.jar:?]
	at com.github.puzzle.game.ClientGlobals.initRenderers(ClientGlobals.java:27) ~[PuzzleLoader-2.3.3-client.jar:?]
	at com.github.puzzle.game.engine.ClientGameLoader.create(ClientGameLoader.java:112) ~[PuzzleLoader-2.3.3-client.jar:?]
	at finalforeach.cosmicreach.gamestates.GameState.lambda$switchToGameState$0(Unknown Source) ~[cosmicreach-processed-client-1f39453431-0.3.26-processed-client-1f39453431.jar:?]
	at finalforeach.cosmicreach.Threads.runOnMainThread(Threads.java:19) ~[cosmicreach-processed-client-1f39453431-0.3.26-processed-client-1f39453431.jar:?]
	at finalforeach.cosmicreach.gamestates.GameState.switchToGameState(Unknown Source) ~[cosmicreach-processed-client-1f39453431-0.3.26-processed-client-1f39453431.jar:?]
	at finalforeach.cosmicreach.GameSingletons.postCreate(GameSingletons.java:518) ~[cosmicreach-processed-client-1f39453431-0.3.26-processed-client-1f39453431.jar:?]
	at finalforeach.cosmicreach.ClientSingletons.create(ClientSingletons.java:151) ~[cosmicreach-processed-client-1f39453431-0.3.26-processed-client-1f39453431.jar:?]
	at finalforeach.cosmicreach.BlockGame.create(BlockGame.java:132) ~[cosmicreach-processed-client-1f39453431-0.3.26-processed-client-1f39453431.jar:?]
	at com.badlogic.gdx.backends.lwjgl3.Lwjgl3Window.initializeListener(Lwjgl3Window.java:416) ~[cosmicreach-processed-client-1f39453431-0.3.26-processed-client-1f39453431.jar:?]
	at com.badlogic.gdx.backends.lwjgl3.Lwjgl3Window.update(Lwjgl3Window.java:366) ~[cosmicreach-processed-client-1f39453431-0.3.26-processed-client-1f39453431.jar:?]
	at com.badlogic.gdx.backends.lwjgl3.Lwjgl3Application.loop(Lwjgl3Application.java:193) ~[cosmicreach-processed-client-1f39453431-0.3.26-processed-client-1f39453431.jar:?]
	at com.badlogic.gdx.backends.lwjgl3.Lwjgl3Application.<init>(Lwjgl3Application.java:167) ~[cosmicreach-processed-client-1f39453431-0.3.26-processed-client-1f39453431.jar:?]
	at finalforeach.cosmicreach.lwjgl3.Lwjgl3Launcher.createApplication(Lwjgl3Launcher.java:132) ~[cosmicreach-processed-client-1f39453431-0.3.26-processed-client-1f39453431.jar:?]
	at finalforeach.cosmicreach.lwjgl3.Lwjgl3Launcher.main(Lwjgl3Launcher.java:107) ~[cosmicreach-processed-client-1f39453431-0.3.26-processed-client-1f39453431.jar:?]
	at jdk.internal.reflect.NativeMethodAccessorImpl.invoke0(Native Method) ~[?:?]
	at jdk.internal.reflect.NativeMethodAccessorImpl.invoke(NativeMethodAccessorImpl.java:77) ~[?:?]
	at jdk.internal.reflect.DelegatingMethodAccessorImpl.invoke(DelegatingMethodAccessorImpl.java:43) ~[?:?]
	at java.lang.reflect.Method.invoke(Method.java:569) ~[?:?]
	at com.github.puzzle.core.loader.util.MethodUtil.runStaticMethod(MethodUtil.java:19) ~[PuzzleLoader-2.3.3-client.jar:?]
	at com.github.puzzle.core.loader.launch.Piece.launch(Piece.java:108) ~[PuzzleLoader-2.3.3-client.jar:?]
	at com.github.puzzle.core.loader.launch.Piece.launch(Piece.java:43) ~[PuzzleLoader-2.3.3-client.jar:?]
	at com.github.puzzle.core.loader.launch.pieces.ClientPiece.main(ClientPiece.java:9) ~[PuzzleLoader-2.3.3-client.jar:?]
	at net.fabricmc.devlaunchinjector.Main.main(Main.java:86) ~[Main.class:?]
[00:22:19] [main/INFO] (org.reflections.Reflections) Reflections took 868 ms to scan 14 urls, producing 2847 keys and 15126 values
[00:22:19] [main/DEBUG] (LaunchWrapper) Mixing chat.CommandMixin from mixins/common/internal.common.mixins.json into finalforeach.cosmicreach.chat.commands.Command
[00:22:19] [main/DEBUG] (LaunchWrapper) Renaming synthetic method lambda$puzzleLoader$registerCommand0$0(Ljava/util/function/Supplier;Lcom/mojang/brigadier/context/CommandContext;)I to md15e7a9$lambda$puzzleLoader$registerCommand0$0$0 in mixins/common/internal.common.mixins.json:chat.CommandMixin from mod (unknown)
[00:22:19] [main/DEBUG] (LaunchWrapper) mixins/common/internal.common.mixins.json:chat.CommandMixin from mod (unknown)->@Inject::registerCommand(Ljava/util/function/Supplier;Ljava/lang/String;[Ljava/lang/String;Lorg/spongepowered/asm/mixin/injection/callback/CallbackInfo;)V does use it's CallbackInfo
[00:22:19] [main/DEBUG] (LaunchWrapper) Mixing zones.ZoneGeneratorMixin from mixins/common/internal.common.mixins.json into finalforeach.cosmicreach.worldgen.ZoneGenerator
[00:22:19] [main/DEBUG] (LaunchWrapper) mixins/common/internal.common.mixins.json:zones.ZoneGeneratorMixin from mod (unknown)->@Inject::registerZoneGenerators(Lorg/spongepowered/asm/mixin/injection/callback/CallbackInfo;)V doesn't use it's CallbackInfo
[00:22:19] [main/DEBUG] (LaunchWrapper) Mixing ItemMixin from mixins/common/fixes.common.mixins.json into finalforeach.cosmicreach.items.Item
[00:22:19] [main/DEBUG] (LaunchWrapper) Mixing loot.LootTableMixin from mixins/common/internal.common.mixins.json into finalforeach.cosmicreach.items.loot.Loot
[00:22:19] [main/DEBUG] (LaunchWrapper) mixins/common/internal.common.mixins.json:loot.LootTableMixin from mod (unknown)->@Inject::loadLootTables(Lorg/spongepowered/asm/mixin/injection/callback/CallbackInfo;)V doesn't use it's CallbackInfo
[00:22:19] [main/WARN] (Puzzle | Renderers) Getting renderers
[00:22:19] [main/WARN] (Puzzle | Renderers) 	com.github.puzzle.game.engine.rendering.PuzzleZoneRenderer
[00:22:19] [main/WARN] (Puzzle | Renderers) Can't use class "com.github.puzzle.game.engine.rendering.PuzzleZoneRenderer" as renderer
[00:22:19] [main/WARN] (Puzzle | Renderers) 	finalforeach.cosmicreach.rendering.ExperimentalNaiveZoneRenderer
[00:22:19] [main/WARN] (Puzzle | Renderers) 	finalforeach.cosmicreach.rendering.BatchedZoneRenderer
[00:22:20] [main/INFO] (Puzzle | AssetLoader) Loading [35m"languages/en-US.json"[37m from Java Mod [32m"puzzle-loader"[37m
[00:22:20] [AssetManager/INFO] (Puzzle | AssetLoader) Loading [35m"icons/Puzzle Loader x16 - Copy.png"[37m from Java Mod [32m"puzzle-loader"[37m
[00:22:20] [AssetManager/INFO] (Puzzle | AssetLoader) Loading [33m"textures/text-logo-hd.png"[37m from Cosmic Reach
[00:22:20] [AssetManager/INFO] (Puzzle | AssetLoader) Loading [33m"textures/ui/healthbar.png"[37m from Cosmic Reach
[00:22:20] [main/INFO] (Puzzle | AssetLoader) Loading [33m"font/cosmic-reach-font-0000-basic.png"[37m from Cosmic Reach
[00:22:20] [main/ERROR] (Language Manager) Language not found und
[00:22:20] [main/DEBUG] (LaunchWrapper) Mixing BlockEventDisabler from mixins/common/fixes.common.mixins.json into finalforeach.cosmicreach.blockevents.BlockEvents
[00:22:20] [main/DEBUG] (LaunchWrapper) mixins/common/fixes.common.mixins.json:BlockEventDisabler from mod (unknown)->@Inject::initBlockEvents(Lorg/spongepowered/asm/mixin/injection/callback/CallbackInfo;)V does use it's CallbackInfo
[00:22:20] [main/DEBUG] (LaunchWrapper) Mixing ItemRenderAccessor from mixins/client/accessors.client.mixins.json into finalforeach.cosmicreach.rendering.items.ItemRenderer
[00:22:20] [main/DEBUG] (LaunchWrapper) Renaming @Accessor method getRefMap()Ljava/util/WeakHashMap; to getRefMap_$md$15e7a9$0 in mixins/client/accessors.client.mixins.json:ItemRenderAccessor from mod (unknown)
[00:22:20] [main/DEBUG] (LaunchWrapper) Renaming @Accessor method setRefMap(Ljava/util/WeakHashMap;)V to setRefMap_$md$15e7a9$1 in mixins/client/accessors.client.mixins.json:ItemRenderAccessor from mod (unknown)
[00:22:20] [main/DEBUG] (LaunchWrapper) Mixing items.rendering.ItemRendererMixin from mixins/client/internal.client.mixins.json into finalforeach.cosmicreach.rendering.items.ItemRenderer
[00:22:20] [main/DEBUG] (LaunchWrapper) mixins/client/internal.client.mixins.json:items.rendering.ItemRendererMixin from mod (unknown)->@Inject::replaceItem2D(Ljava/lang/ref/WeakReference;Lorg/spongepowered/asm/mixin/injection/callback/CallbackInfoReturnable;)V does use it's CallbackInfoReturnable
[00:22:20] [main/INFO] (CosmicReach | Controllers) added manager for application, 1 managers active
[00:22:20] [AssetManager/INFO] (Puzzle | AssetLoader) Loading [33m"textures/ui/container-background.png"[37m from Cosmic Reach
[00:22:20] [AssetManager/INFO] (Puzzle | AssetLoader) Loading [33m"textures/ui/container-close.png"[37m from Cosmic Reach
[00:22:20] [AssetManager/INFO] (Puzzle | AssetLoader) Loading [33m"textures/ui/container-hovered.png"[37m from Cosmic Reach
[00:22:20] [AssetManager/INFO] (Puzzle | AssetLoader) Loading [33m"textures/ui/container-output-hovered.png"[37m from Cosmic Reach
[00:22:20] [AssetManager/INFO] (Puzzle | AssetLoader) Loading [33m"textures/ui/container-output.png"[37m from Cosmic Reach
[00:22:20] [AssetManager/INFO] (Puzzle | AssetLoader) Loading [33m"textures/ui/container-selected.png"[37m from Cosmic Reach
[00:22:20] [AssetManager/INFO] (Puzzle | AssetLoader) Loading [33m"textures/ui/container.png"[37m from Cosmic Reach
[00:22:20] [AssetManager/INFO] (Puzzle | AssetLoader) Loading [33m"textures/ui/healthbar-depleted.png"[37m from Cosmic Reach
[00:22:20] [AssetManager/INFO] (Puzzle | AssetLoader) Loading [33m"textures/ui/healthbar-dropping.png"[37m from Cosmic Reach
[00:22:20] [AssetManager/INFO] (Puzzle | AssetLoader) Loading [33m"textures/ui/lang-button.png"[37m from Cosmic Reach
[00:22:20] [AssetManager/INFO] (Puzzle | AssetLoader) Loading [33m"textures/ui/menu-button-hovered.png"[37m from Cosmic Reach
[00:22:20] [AssetManager/INFO] (Puzzle | AssetLoader) Loading [33m"textures/ui/menu-button-pressed.png"[37m from Cosmic Reach
[00:22:20] [AssetManager/INFO] (Puzzle | AssetLoader) Loading [33m"textures/ui/menu-button.png"[37m from Cosmic Reach
[00:22:20] [AssetManager/INFO] (Puzzle | AssetLoader) Loading [33m"textures/ui/progress-arrow-empty.png"[37m from Cosmic Reach
[00:22:20] [AssetManager/INFO] (Puzzle | AssetLoader) Loading [33m"textures/ui/progress-arrow-full.png"[37m from Cosmic Reach
[00:22:20] [AssetManager/INFO] (Puzzle | AssetLoader) Loading [33m"textures/ui/progress-durability-empty.png"[37m from Cosmic Reach
[00:22:20] [AssetManager/INFO] (Puzzle | AssetLoader) Loading [33m"textures/ui/progress-durability-full.png"[37m from Cosmic Reach
[00:22:20] [AssetManager/INFO] (Puzzle | AssetLoader) Loading [33m"textures/ui/progress-fuel-empty.png"[37m from Cosmic Reach
[00:22:20] [AssetManager/INFO] (Puzzle | AssetLoader) Loading [33m"textures/ui/progress-fuel-full.png"[37m from Cosmic Reach
[00:22:20] [AssetManager/INFO] (Puzzle | AssetLoader) Loading [33m"textures/ui-panel-boundary.png"[37m from Cosmic Reach
[00:22:20] [AssetManager/INFO] (Puzzle | AssetLoader) Loading [33m"textures/ui-panel-hover-boundary.png"[37m from Cosmic Reach
[00:22:20] [AssetManager/INFO] (Puzzle | AssetLoader) Loading [33m"textures/ui-panel-pressed.png"[37m from Cosmic Reach
[00:22:20] [AssetManager/INFO] (Puzzle | AssetLoader) Loading [33m"textures/ui-panel.png"[37m from Cosmic Reach
[00:22:20] [AssetManager/INFO] (Puzzle | AssetLoader) Loading [33m"textures/items/axe_aluminium.png"[37m from Cosmic Reach
[00:22:20] [AssetManager/INFO] (Puzzle | AssetLoader) Loading [33m"textures/items/axe_iron.png"[37m from Cosmic Reach
[00:22:20] [AssetManager/INFO] (Puzzle | AssetLoader) Loading [33m"textures/items/axe_stone.png"[37m from Cosmic Reach
[00:22:20] [AssetManager/INFO] (Puzzle | AssetLoader) Loading [33m"textures/items/fluid_vacuum.png"[37m from Cosmic Reach
[00:22:20] [AssetManager/INFO] (Puzzle | AssetLoader) Loading [33m"textures/items/ingot_aluminium.png"[37m from Cosmic Reach
[00:22:20] [AssetManager/INFO] (Puzzle | AssetLoader) Loading [33m"textures/items/ingot_gold.png"[37m from Cosmic Reach
[00:22:20] [AssetManager/INFO] (Puzzle | AssetLoader) Loading [33m"textures/items/ingot_iron.png"[37m from Cosmic Reach
[00:22:20] [AssetManager/INFO] (Puzzle | AssetLoader) Loading [33m"textures/items/laser_gun.png"[37m from Cosmic Reach
[00:22:20] [AssetManager/INFO] (Puzzle | AssetLoader) Loading [33m"textures/items/latex.png"[37m from Cosmic Reach
[00:22:20] [AssetManager/INFO] (Puzzle | AssetLoader) Loading [33m"textures/items/medkit.png"[37m from Cosmic Reach
[00:22:20] [AssetManager/INFO] (Puzzle | AssetLoader) Loading [33m"textures/items/medkit_gold.png"[37m from Cosmic Reach
[00:22:20] [AssetManager/INFO] (Puzzle | AssetLoader) Loading [33m"textures/items/palette.png"[37m from Cosmic Reach
[00:22:20] [AssetManager/INFO] (Puzzle | AssetLoader) Loading [33m"textures/items/pickaxe_aluminium.png"[37m from Cosmic Reach
[00:22:20] [AssetManager/INFO] (Puzzle | AssetLoader) Loading [33m"textures/items/pickaxe_iron.png"[37m from Cosmic Reach
[00:22:20] [AssetManager/INFO] (Puzzle | AssetLoader) Loading [33m"textures/items/pickaxe_stone.png"[37m from Cosmic Reach
[00:22:20] [AssetManager/INFO] (Puzzle | AssetLoader) Loading [33m"textures/items/rubber_ball.png"[37m from Cosmic Reach
[00:22:20] [AssetManager/INFO] (Puzzle | AssetLoader) Loading [33m"textures/items/shovel_aluminium.png"[37m from Cosmic Reach
[00:22:20] [AssetManager/INFO] (Puzzle | AssetLoader) Loading [33m"textures/items/shovel_iron.png"[37m from Cosmic Reach
[00:22:20] [AssetManager/INFO] (Puzzle | AssetLoader) Loading [33m"textures/items/shovel_stone.png"[37m from Cosmic Reach
[00:22:20] [AssetManager/INFO] (Puzzle | AssetLoader) Loading [33m"textures/items/stick.png"[37m from Cosmic Reach
[00:22:20] [AssetManager/INFO] (Puzzle | AssetLoader) Loading [33m"textures/items/wood_door.png"[37m from Cosmic Reach
[00:22:20] [AssetManager/INFO] (Puzzle | AssetLoader) Loading [33m"textures/entities/drone_interceptor.png"[37m from Cosmic Reach
[00:22:20] [AssetManager/INFO] (Puzzle | AssetLoader) Loading [33m"textures/entities/drone_interceptor_ally.png"[37m from Cosmic Reach
[00:22:20] [AssetManager/INFO] (Puzzle | AssetLoader) Loading [33m"textures/entities/drone_interceptor_ally_emissive.png"[37m from Cosmic Reach
[00:22:20] [AssetManager/INFO] (Puzzle | AssetLoader) Loading [33m"textures/entities/drone_interceptor_emissive.png"[37m from Cosmic Reach
[00:22:20] [AssetManager/INFO] (Puzzle | AssetLoader) Loading [33m"textures/entities/drone_interceptor_trap.png"[37m from Cosmic Reach
[00:22:20] [AssetManager/INFO] (Puzzle | AssetLoader) Loading [33m"textures/entities/drone_interceptor_trap_ally.png"[37m from Cosmic Reach
[00:22:20] [AssetManager/INFO] (Puzzle | AssetLoader) Loading [33m"textures/entities/drone_interceptor_trap_ally_emissive.png"[37m from Cosmic Reach
[00:22:20] [AssetManager/INFO] (Puzzle | AssetLoader) Loading [33m"textures/entities/drone_interceptor_trap_emissive.png"[37m from Cosmic Reach
[00:22:20] [AssetManager/INFO] (Puzzle | AssetLoader) Loading [33m"textures/entities/drone_laser.png"[37m from Cosmic Reach
[00:22:20] [AssetManager/INFO] (Puzzle | AssetLoader) Loading [33m"textures/entities/drone_laser_emissive.png"[37m from Cosmic Reach
[00:22:20] [AssetManager/INFO] (Puzzle | AssetLoader) Loading [33m"textures/entities/player-texture.png"[37m from Cosmic Reach
[00:22:20] [AssetManager/INFO] (Puzzle | AssetLoader) Loading [33m"sounds/blocks/block-break.ogg"[37m from Cosmic Reach
[00:22:20] [AssetManager/INFO] (Puzzle | AssetLoader) Loading [33m"sounds/blocks/block-place.ogg"[37m from Cosmic Reach
[00:22:20] [AssetManager/INFO] (Puzzle | AssetLoader) Loading [33m"sounds/blocks/e-piano_A.ogg"[37m from Cosmic Reach
[00:22:20] [AssetManager/INFO] (Puzzle | AssetLoader) Loading [33m"sounds/blocks/explosion.ogg"[37m from Cosmic Reach
[00:22:20] [AssetManager/INFO] (Puzzle | AssetLoader) Loading [33m"sounds/blocks/glass-break-1.ogg"[37m from Cosmic Reach
[00:22:20] [AssetManager/INFO] (Puzzle | AssetLoader) Loading [33m"sounds/blocks/machine-hum.ogg"[37m from Cosmic Reach
[00:22:20] [AssetManager/INFO] (Puzzle | AssetLoader) Loading [33m"sounds/blocks/wood-break-1.ogg"[37m from Cosmic Reach
[00:22:20] [AssetManager/INFO] (Puzzle | AssetLoader) Loading [33m"sounds/entities/drone_interceptor/drone-cry-1.ogg"[37m from Cosmic Reach
[00:22:20] [AssetManager/INFO] (Puzzle | AssetLoader) Loading [33m"sounds/entities/drone_interceptor/drone-cry-2.ogg"[37m from Cosmic Reach
[00:22:20] [AssetManager/INFO] (Puzzle | AssetLoader) Loading [33m"sounds/entities/drone_interceptor/drone-cry-3.ogg"[37m from Cosmic Reach
[00:22:20] [AssetManager/INFO] (Puzzle | AssetLoader) Loading [33m"sounds/entities/drone_interceptor/drone-hurt-1.ogg"[37m from Cosmic Reach
[00:22:20] [AssetManager/INFO] (Puzzle | AssetLoader) Loading [33m"sounds/entities/drone_interceptor/drone-step-1.ogg"[37m from Cosmic Reach
[00:22:20] [AssetManager/INFO] (Puzzle | AssetLoader) Loading [33m"sounds/entities/item/item-flick.ogg"[37m from Cosmic Reach
[00:22:20] [AssetManager/INFO] (Puzzle | AssetLoader) Loading [33m"sounds/entities/item/item-pickup.ogg"[37m from Cosmic Reach
[00:22:20] [AssetManager/INFO] (Puzzle | AssetLoader) Loading [33m"sounds/entities/player/player-hurt-1.ogg"[37m from Cosmic Reach
[00:22:20] [AssetManager/INFO] (Puzzle | AssetLoader) Loading [33m"sounds/entities/player/player-hurt-2.ogg"[37m from Cosmic Reach
[00:22:20] [AssetManager/INFO] (Puzzle | AssetLoader) Loading [33m"sounds/entities/player/player-hurt-3.ogg"[37m from Cosmic Reach
[00:22:20] [AssetManager/INFO] (Puzzle | AssetLoader) Loading [33m"sounds/items/laser_sound.ogg"[37m from Cosmic Reach
[00:22:20] [AssetManager/INFO] (Puzzle | AssetLoader) Loading [33m"sounds/ui/e-button-click.ogg"[37m from Cosmic Reach
[00:22:20] [AssetManager/INFO] (Puzzle | AssetLoader) Loading [33m"sounds/ui/e-button-hover.ogg"[37m from Cosmic Reach
[00:22:20] [main/INFO] (Puzzle | AssetLoader) Loading [33m"textures/ui/menu-button.png"[37m from Cosmic Reach
[00:22:20] [main/INFO] (Puzzle | AssetLoader) Loading [33m"textures/ui/menu-button-hovered.png"[37m from Cosmic Reach
[00:22:20] [main/INFO] (Puzzle | AssetLoader) Loading [33m"textures/ui/menu-button-pressed.png"[37m from Cosmic Reach
[00:22:20] [main/INFO] (Puzzle | AssetLoader) Loading [33m"textures/ui/container.png"[37m from Cosmic Reach
[00:22:20] [main/INFO] (Puzzle | AssetLoader) Loading [33m"textures/ui/container-background.png"[37m from Cosmic Reach
[00:22:20] [main/INFO] (Puzzle | AssetLoader) Loading [33m"textures/ui/container-output.png"[37m from Cosmic Reach
[00:22:20] [main/INFO] (Puzzle | AssetLoader) Loading [33m"textures/ui/container-hovered.png"[37m from Cosmic Reach
[00:22:20] [main/INFO] (Puzzle | AssetLoader) Loading [33m"textures/ui/container-output-hovered.png"[37m from Cosmic Reach
[00:22:20] [main/INFO] (Puzzle | AssetLoader) Loading [33m"textures/ui/container-selected.png"[37m from Cosmic Reach
[00:22:20] [main/INFO] (Puzzle | AssetLoader) Loading [33m"textures/ui/healthbar.png"[37m from Cosmic Reach
[00:22:20] [main/INFO] (Puzzle | AssetLoader) Loading [33m"textures/ui/healthbar-dropping.png"[37m from Cosmic Reach
[00:22:20] [main/INFO] (Puzzle | AssetLoader) Loading [33m"textures/ui/healthbar-depleted.png"[37m from Cosmic Reach
[00:22:20] [main/INFO] (Puzzle | AssetLoader) Loading [33m"textures/ui/progress-fuel-empty.png"[37m from Cosmic Reach
[00:22:20] [main/INFO] (Puzzle | AssetLoader) Loading [33m"textures/ui/progress-fuel-full.png"[37m from Cosmic Reach
[00:22:20] [main/INFO] (Puzzle | AssetLoader) Loading [33m"textures/ui/progress-arrow-empty.png"[37m from Cosmic Reach
[00:22:20] [main/INFO] (Puzzle | AssetLoader) Loading [33m"textures/ui/progress-arrow-full.png"[37m from Cosmic Reach
[00:22:20] [main/INFO] (Puzzle | AssetLoader) Loading [33m"textures/ui/progress-durability-empty.png"[37m from Cosmic Reach
[00:22:20] [main/INFO] (Puzzle | AssetLoader) Loading [33m"textures/ui/progress-durability-full.png"[37m from Cosmic Reach
[00:22:20] [main/INFO] (Puzzle | AssetLoader) Loading [33m"font/cursor.png"[37m from Cosmic Reach
